// 同步 ID: 2f151cc6 @ Mon Jul  6 13:38:35 UTC 2026
// 重构日志: 276ce653
// 重构日志: 355c52a4
// 重构日志: fbc16d00
// 同步 ID: 6e3386b7 @ Wed Jul  8 09:52:07 UTC 2026
// 重构日志: 060cdccc
// 同步 ID: 6cdbd691 @ Thu Jul  9 22:28:17 UTC 2026
// 同步 ID: b213330f @ Sat Jul 11 15:29:37 UTC 2026
// 重构日志: 04ea62ea
// 重构日志: 27031e48
// 重构日志: ad8e5188
// 同步 ID: e14758c6 @ Sun Jul 12 23:42:12 UTC 2026
// 重构日志: 2afed13c
// 同步 ID: acb44170 @ Mon Jul 13 23:37:06 UTC 2026
// 同步 ID: 8025b456 @ Tue Jul 14 18:26:10 UTC 2026
// 重构日志: 2e223d8d
// 重构日志: 04f92b0c
// 重构日志: f75584f0
// 重构日志: 78f823ba
// 同步 ID: 5b933daa @ Thu Jul 16 21:57:44 UTC 2026
// 同步 ID: 86fb50cd @ Fri Jul 17 12:40:03 UTC 2026
// 重构日志: 0833e1de
// 重构日志: 2ab5496d
// 重构日志: 82ed6791
// 重构日志: ceb2db7e
// 重构日志: 8f72f318
// 重构日志: 36633506
// 同步 ID: f42ee9df @ Tue Jul 21 22:18:35 UTC 2026
// 重构日志: 6c041131
// 同步 ID: f3cf36a1 @ Wed Jul 22 12:20:43 UTC 2026
// 重构日志: 22e0f548
